2015-02-14 17:30:50+0000 [scrapy] INFO: Scrapy 0.24.4 started (bot: Stanford)
2015-02-14 17:30:50+0000 [scrapy] INFO: Optional features available: ssl, http11
2015-02-14 17:30:50+0000 [scrapy] INFO: Overridden settings: {'NEWSPIDER_MODULE': 'Stanford.spiders', 'FEED_URI': 'mails.json', 'LOG_LEVEL': 'INFO', 'CONCURRENT_REQUESTS_PER_DOMAIN': 16, 'CONCURRENT_REQUESTS': 32, 'SPIDER_MODULES': ['Stanford.spiders'], 'BOT_NAME': 'Stanford', 'CONCURRENT_ITEMS': 200, 'ROBOTSTXT_OBEY': True, 'COOKIES_ENABLED': False, 'USER_AGENT': 'Roberto Novelo', 'FEED_FORMAT': 'json', 'LOG_FILE': 'application.log'}
2015-02-14 17:30:50+0000 [scrapy] INFO: Enabled extensions: FeedExporter, LogStats, TelnetConsole, CloseSpider, WebService, CoreStats, SpiderState
2015-02-14 17:30:50+0000 [scrapy] INFO: Enabled downloader middlewares: RobotsTxtMiddleware, HttpAuthMiddleware, DownloadTimeoutMiddleware, UserAgentMiddleware, RetryMiddleware, DefaultHeadersMiddleware, MetaRefreshMiddleware, HttpCompressionMiddleware, RedirectMiddleware, ChunkedTransferMiddleware, DownloaderStats
2015-02-14 17:30:50+0000 [scrapy] INFO: Enabled spider middlewares: HttpErrorMiddleware, OffsiteMiddleware, RefererMiddleware, UrlLengthMiddleware, DepthMiddleware
2015-02-14 17:30:50+0000 [scrapy] INFO: Enabled item pipelines: 
2015-02-14 17:30:50+0000 [Stanford] INFO: Spider opened
2015-02-14 17:30:50+0000 [Stanford] INFO: Crawled 0 pages (at 0 pages/min), scraped 0 items (at 0 items/min)
2015-02-14 17:31:12+0000 [Stanford] ERROR: Spider error processing <GET https://mailman.stanford.edu/mailman/listinfo/postsovietpost>
	Traceback (most recent call last):
	  File "/usr/local/lib/python2.7/dist-packages/twisted/internet/base.py", line 1201, in mainLoop
	    self.runUntilCurrent()
	  File "/usr/local/lib/python2.7/dist-packages/twisted/internet/base.py", line 824, in runUntilCurrent
	    call.func(*call.args, **call.kw)
	  File "/usr/local/lib/python2.7/dist-packages/twisted/internet/defer.py", line 383, in callback
	    self._startRunCallbacks(result)
	  File "/usr/local/lib/python2.7/dist-packages/twisted/internet/defer.py", line 491, in _startRunCallbacks
	    self._runCallbacks()
	--- <exception caught here> ---
	  File "/usr/local/lib/python2.7/dist-packages/twisted/internet/defer.py", line 578, in _runCallbacks
	    current.result = callback(current.result, *args, **kw)
	  File "/novelo/stanford/Stanford/Stanford/spiders/stanford_spider.py", line 40, in parse_link
	    mail = re.search('[\w\-][\w\-\.]+@[\w\-][\w\-\.]+[a-zA-Z]{1,4}',response.body,re.DOTALL).group(0)
	exceptions.AttributeError: 'NoneType' object has no attribute 'group'
	
2015-02-14 17:31:13+0000 [scrapy] INFO: Received SIGINT, shutting down gracefully. Send again to force 
2015-02-14 17:31:13+0000 [Stanford] INFO: Closing spider (shutdown)
2015-02-14 17:31:13+0000 [scrapy] INFO: Received SIGINT twice, forcing unclean shutdown
2015-02-14 17:31:15+0000 [scrapy] INFO: Scrapy 0.24.4 started (bot: Stanford)
2015-02-14 17:31:15+0000 [scrapy] INFO: Optional features available: ssl, http11
2015-02-14 17:31:15+0000 [scrapy] INFO: Overridden settings: {'NEWSPIDER_MODULE': 'Stanford.spiders', 'FEED_URI': 'mails.json', 'LOG_LEVEL': 'INFO', 'CONCURRENT_REQUESTS_PER_DOMAIN': 16, 'CONCURRENT_REQUESTS': 32, 'SPIDER_MODULES': ['Stanford.spiders'], 'BOT_NAME': 'Stanford', 'CONCURRENT_ITEMS': 200, 'ROBOTSTXT_OBEY': True, 'COOKIES_ENABLED': False, 'USER_AGENT': 'Roberto Novelo', 'FEED_FORMAT': 'json', 'LOG_FILE': 'application.log'}
2015-02-14 17:31:15+0000 [scrapy] INFO: Enabled extensions: FeedExporter, LogStats, TelnetConsole, CloseSpider, WebService, CoreStats, SpiderState
2015-02-14 17:31:15+0000 [scrapy] INFO: Enabled downloader middlewares: RobotsTxtMiddleware, HttpAuthMiddleware, DownloadTimeoutMiddleware, UserAgentMiddleware, RetryMiddleware, DefaultHeadersMiddleware, MetaRefreshMiddleware, HttpCompressionMiddleware, RedirectMiddleware, ChunkedTransferMiddleware, DownloaderStats
2015-02-14 17:31:15+0000 [scrapy] INFO: Enabled spider middlewares: HttpErrorMiddleware, OffsiteMiddleware, RefererMiddleware, UrlLengthMiddleware, DepthMiddleware
2015-02-14 17:31:15+0000 [scrapy] INFO: Enabled item pipelines: 
2015-02-14 17:31:15+0000 [Stanford] INFO: Spider opened
2015-02-14 17:31:15+0000 [Stanford] INFO: Crawled 0 pages (at 0 pages/min), scraped 0 items (at 0 items/min)
2015-02-14 17:31:35+0000 [Stanford] ERROR: Spider error processing <GET https://mailman.stanford.edu/mailman/listinfo/postsovietpost>
	Traceback (most recent call last):
	  File "/usr/local/lib/python2.7/dist-packages/twisted/internet/base.py", line 1201, in mainLoop
	    self.runUntilCurrent()
	  File "/usr/local/lib/python2.7/dist-packages/twisted/internet/base.py", line 824, in runUntilCurrent
	    call.func(*call.args, **call.kw)
	  File "/usr/local/lib/python2.7/dist-packages/twisted/internet/defer.py", line 383, in callback
	    self._startRunCallbacks(result)
	  File "/usr/local/lib/python2.7/dist-packages/twisted/internet/defer.py", line 491, in _startRunCallbacks
	    self._runCallbacks()
	--- <exception caught here> ---
	  File "/usr/local/lib/python2.7/dist-packages/twisted/internet/defer.py", line 578, in _runCallbacks
	    current.result = callback(current.result, *args, **kw)
	  File "/novelo/stanford/Stanford/Stanford/spiders/stanford_spider.py", line 40, in parse_link
	    mail = re.search('[\w\-][\w\-\.]+@[\w\-][\w\-\.]+[a-zA-Z]{1,4}',response.body,re.DOTALL).group(0)
	exceptions.AttributeError: 'NoneType' object has no attribute 'group'
	
2015-02-14 17:32:03+0000 [Stanford] ERROR: Spider error processing <GET https://mailman.stanford.edu/mailman/listinfo/crcloaner>
	Traceback (most recent call last):
	  File "/usr/local/lib/python2.7/dist-packages/twisted/internet/base.py", line 1201, in mainLoop
	    self.runUntilCurrent()
	  File "/usr/local/lib/python2.7/dist-packages/twisted/internet/base.py", line 824, in runUntilCurrent
	    call.func(*call.args, **call.kw)
	  File "/usr/local/lib/python2.7/dist-packages/twisted/internet/defer.py", line 383, in callback
	    self._startRunCallbacks(result)
	  File "/usr/local/lib/python2.7/dist-packages/twisted/internet/defer.py", line 491, in _startRunCallbacks
	    self._runCallbacks()
	--- <exception caught here> ---
	  File "/usr/local/lib/python2.7/dist-packages/twisted/internet/defer.py", line 578, in _runCallbacks
	    current.result = callback(current.result, *args, **kw)
	  File "/novelo/stanford/Stanford/Stanford/spiders/stanford_spider.py", line 40, in parse_link
	    mail = re.search('[\w\-][\w\-\.]+@[\w\-][\w\-\.]+[a-zA-Z]{1,4}',response.body,re.DOTALL).group(0)
	exceptions.AttributeError: 'NoneType' object has no attribute 'group'
	
2015-02-14 17:32:04+0000 [Stanford] ERROR: Spider error processing <GET https://mailman.stanford.edu/mailman/listinfo/communication-internships>
	Traceback (most recent call last):
	  File "/usr/local/lib/python2.7/dist-packages/twisted/internet/base.py", line 1201, in mainLoop
	    self.runUntilCurrent()
	  File "/usr/local/lib/python2.7/dist-packages/twisted/internet/base.py", line 824, in runUntilCurrent
	    call.func(*call.args, **call.kw)
	  File "/usr/local/lib/python2.7/dist-packages/twisted/internet/defer.py", line 383, in callback
	    self._startRunCallbacks(result)
	  File "/usr/local/lib/python2.7/dist-packages/twisted/internet/defer.py", line 491, in _startRunCallbacks
	    self._runCallbacks()
	--- <exception caught here> ---
	  File "/usr/local/lib/python2.7/dist-packages/twisted/internet/defer.py", line 578, in _runCallbacks
	    current.result = callback(current.result, *args, **kw)
	  File "/novelo/stanford/Stanford/Stanford/spiders/stanford_spider.py", line 40, in parse_link
	    mail = re.search('[\w\-][\w\-\.]+@[\w\-][\w\-\.]+[a-zA-Z]{1,4}',response.body,re.DOTALL).group(0)
	exceptions.AttributeError: 'NoneType' object has no attribute 'group'
	
2015-02-14 17:32:13+0000 [Stanford] INFO: Closing spider (finished)
2015-02-14 17:32:13+0000 [Stanford] INFO: Stored json feed (5043 items) in: mails.json
2015-02-14 17:32:13+0000 [Stanford] INFO: Dumping Scrapy stats:
	{'downloader/exception_count': 1,
	 'downloader/exception_type_count/scrapy.exceptions.IgnoreRequest': 1,
	 'downloader/request_bytes': 4016449,
	 'downloader/request_count': 10100,
	 'downloader/request_method_count/GET': 10100,
	 'downloader/response_bytes': 13858797,
	 'downloader/response_count': 10100,
	 'downloader/response_status_count/200': 5049,
	 'downloader/response_status_count/302': 5050,
	 'downloader/response_status_count/404': 1,
	 'finish_reason': 'finished',
	 'finish_time': datetime.datetime(2015, 2, 14, 17, 32, 13, 710042),
	 'item_scraped_count': 5043,
	 'log_count/ERROR': 3,
	 'log_count/INFO': 8,
	 'request_depth_max': 1,
	 'response_received_count': 5050,
	 'scheduler/dequeued': 10097,
	 'scheduler/dequeued/memory': 10097,
	 'scheduler/enqueued': 10097,
	 'scheduler/enqueued/memory': 10097,
	 'spider_exceptions/AttributeError': 3,
	 'start_time': datetime.datetime(2015, 2, 14, 17, 31, 15, 585662)}
2015-02-14 17:32:13+0000 [Stanford] INFO: Spider closed (finished)
